Altair Feko - Solver (seq) Version 2019.1-338 from 2019-06-07
          Altair Feko - PREFEKO Version 2019.1-48 from 2019-03-29 [FEK: default 166; used 166] BINARY
          CADFEKO version unknown
          Copyright (c) 1999-2014 Altair Development S.A. (Pty) Ltd
          Copyright (c) 2014-2019 Altair Engineering, Inc.
          Intel(R) MKL version 2018.0.4 (build 20180808) on Intel(R) Advanced Vector Extensions 2 (Intel(R) AVX2) enabled processors, Intel(R) 64 architecture (1 thread)
Computer: PC WIN64 EM64T MKL -- WillieDLB-PC
          Microsoft Windows 10 vNEXT  (Build 19041), Version 10.0.19041 x64 (SP 0.0)
          Intel(R) Core(TM) i7-6500U CPU @ 2.50GHz; GenuineIntel family 6 model 14 stepping 3 brand id 0
          1 physical CPU with a total of 4 processors found (multi-core CPU with max. 2 cores per physical CPU)
Threads:  OpenMP threading not used
Date:     2020-09-17 14:56:48                     
File:     strip_dipole
Memory:   Unlimited, system allows maximum usage of 7.699 GByte
          (installed memory 7.894 GByte, thereof free 885.750 MByte)
MD5 Check:17D62AEE237187D6FBFC9D3D6C4DE96D
MD5 Total:9A9AF83EB7F47EEB890A29B0165475E4
 Licence:  Altair HyperWorks

 NOTE    35127: You are running a sequential version of Altair Feko, but it was detected that your machine has more than one core. For best performance, it would be recommended to run the parallel Feko Solver

Spice Engine:  HyperSpice Version 2018-19795 from 2018-10-19

          Surface of all triangles in m*m:     9.00000E-03


                         DATA OF THE METALLIC TRIANGLES

 no.       label     x1 in m     y1 in m     z1 in m       edges 
          medium     x2 in m     y2 in m     z2 in m
          medium     x3 in m     y3 in m     z3 in m
                       nx          ny          nz          area in m*m
        1 intern   0.0000E+00  0.0000E+00  0.0000E+00            1           
          Free s   2.0000E-02  0.0000E+00  0.0000E+00
          Free s   0.0000E+00  3.2143E-02  0.0000E+00
                   0.0000E+00  0.0000E+00  1.0000E+00      3.2143E-04
        2 intern   2.0000E-02  3.2143E-02  0.0000E+00           -1         2 
          Free s   0.0000E+00  3.2143E-02  0.0000E+00
          Free s   2.0000E-02  0.0000E+00  0.0000E+00
                   0.0000E+00  0.0000E+00  1.0000E+00      3.2143E-04
        3 intern   0.0000E+00  3.2143E-02  0.0000E+00           -2         3 
          Free s   2.0000E-02  3.2143E-02  0.0000E+00
          Free s   0.0000E+00  6.4286E-02  0.0000E+00
                   0.0000E+00  0.0000E+00  1.0000E+00      3.2143E-04
        4 intern   2.0000E-02  6.4286E-02  0.0000E+00           -3         4 
          Free s   0.0000E+00  6.4286E-02  0.0000E+00
          Free s   2.0000E-02  3.2143E-02  0.0000E+00
                   0.0000E+00  0.0000E+00  1.0000E+00      3.2143E-04
        5 intern   0.0000E+00  6.4286E-02  0.0000E+00           -4         5 
          Free s   2.0000E-02  6.4286E-02  0.0000E+00
          Free s   0.0000E+00  9.6429E-02  0.0000E+00
                   0.0000E+00  0.0000E+00  1.0000E+00      3.2143E-04
        6 intern   2.0000E-02  9.6429E-02  0.0000E+00           -5         6 
          Free s   0.0000E+00  9.6429E-02  0.0000E+00
          Free s   2.0000E-02  6.4286E-02  0.0000E+00
                   0.0000E+00  0.0000E+00  1.0000E+00      3.2143E-04
        7 intern   0.0000E+00  9.6429E-02  0.0000E+00           -6         7 
          Free s   2.0000E-02  9.6429E-02  0.0000E+00
          Free s   0.0000E+00  1.2857E-01  0.0000E+00
                   0.0000E+00  0.0000E+00  1.0000E+00      3.2143E-04
        8 intern   2.0000E-02  1.2857E-01  0.0000E+00           -7         8 
          Free s   0.0000E+00  1.2857E-01  0.0000E+00
          Free s   2.0000E-02  9.6429E-02  0.0000E+00
                   0.0000E+00  0.0000E+00  1.0000E+00      3.2143E-04
        9 intern   0.0000E+00  1.2857E-01  0.0000E+00           -8         9 
          Free s   2.0000E-02  1.2857E-01  0.0000E+00
          Free s   0.0000E+00  1.6071E-01  0.0000E+00
                   0.0000E+00  0.0000E+00  1.0000E+00      3.2143E-04
       10 intern   2.0000E-02  1.6071E-01  0.0000E+00           -9        10 
          Free s   0.0000E+00  1.6071E-01  0.0000E+00
          Free s   2.0000E-02  1.2857E-01  0.0000E+00
                   0.0000E+00  0.0000E+00  1.0000E+00      3.2143E-04
       11 intern   0.0000E+00  1.6071E-01  0.0000E+00          -10        11 
          Free s   2.0000E-02  1.6071E-01  0.0000E+00
          Free s   0.0000E+00  1.9286E-01  0.0000E+00
                   0.0000E+00  0.0000E+00  1.0000E+00      3.2143E-04
       12 intern   2.0000E-02  1.9286E-01  0.0000E+00          -11        12 
          Free s   0.0000E+00  1.9286E-01  0.0000E+00
          Free s   2.0000E-02  1.6071E-01  0.0000E+00
                   0.0000E+00  0.0000E+00  1.0000E+00      3.2143E-04
       13 intern   0.0000E+00  1.9286E-01  0.0000E+00          -12        13 
          Free s   2.0000E-02  1.9286E-01  0.0000E+00
          Free s   0.0000E+00  2.2500E-01  0.0000E+00
                   0.0000E+00  0.0000E+00  1.0000E+00      3.2143E-04
       14 intern   2.0000E-02  2.2500E-01  0.0000E+00          -13        14 
          Free s   0.0000E+00  2.2500E-01  0.0000E+00
          Free s   2.0000E-02  1.9286E-01  0.0000E+00
                   0.0000E+00  0.0000E+00  1.0000E+00      3.2143E-04
       15 intern   0.0000E+00  2.2500E-01  0.0000E+00          -14        15 
          Free s   2.0000E-02  2.2500E-01  0.0000E+00
          Free s   0.0000E+00  2.5714E-01  0.0000E+00
                   0.0000E+00  0.0000E+00  1.0000E+00      3.2143E-04
       16 intern   2.0000E-02  2.5714E-01  0.0000E+00          -15        16 
          Free s   0.0000E+00  2.5714E-01  0.0000E+00
          Free s   2.0000E-02  2.2500E-01  0.0000E+00
                   0.0000E+00  0.0000E+00  1.0000E+00      3.2143E-04
       17 intern   0.0000E+00  2.5714E-01  0.0000E+00          -16        17 
          Free s   2.0000E-02  2.5714E-01  0.0000E+00
          Free s   0.0000E+00  2.8929E-01  0.0000E+00
                   0.0000E+00  0.0000E+00  1.0000E+00      3.2143E-04
       18 intern   2.0000E-02  2.8929E-01  0.0000E+00          -17        18 
          Free s   0.0000E+00  2.8929E-01  0.0000E+00
          Free s   2.0000E-02  2.5714E-01  0.0000E+00
                   0.0000E+00  0.0000E+00  1.0000E+00      3.2143E-04
       19 intern   0.0000E+00  2.8929E-01  0.0000E+00          -18        19 
          Free s   2.0000E-02  2.8929E-01  0.0000E+00
          Free s   0.0000E+00  3.2143E-01  0.0000E+00
                   0.0000E+00  0.0000E+00  1.0000E+00      3.2143E-04
       20 intern   2.0000E-02  3.2143E-01  0.0000E+00          -19        20 
          Free s   0.0000E+00  3.2143E-01  0.0000E+00
          Free s   2.0000E-02  2.8929E-01  0.0000E+00
                   0.0000E+00  0.0000E+00  1.0000E+00      3.2143E-04
       21 intern   0.0000E+00  3.2143E-01  0.0000E+00          -20        21 
          Free s   2.0000E-02  3.2143E-01  0.0000E+00
          Free s   0.0000E+00  3.5357E-01  0.0000E+00
                   0.0000E+00  0.0000E+00  1.0000E+00      3.2143E-04
       22 intern   2.0000E-02  3.5357E-01  0.0000E+00          -21        22 
          Free s   0.0000E+00  3.5357E-01  0.0000E+00
          Free s   2.0000E-02  3.2143E-01  0.0000E+00
                   0.0000E+00  0.0000E+00  1.0000E+00      3.2143E-04
       23 intern   0.0000E+00  3.5357E-01  0.0000E+00          -22        23 
          Free s   2.0000E-02  3.5357E-01  0.0000E+00
          Free s   0.0000E+00  3.8571E-01  0.0000E+00
                   0.0000E+00  0.0000E+00  1.0000E+00      3.2143E-04
       24 intern   2.0000E-02  3.8571E-01  0.0000E+00          -23        24 
          Free s   0.0000E+00  3.8571E-01  0.0000E+00
          Free s   2.0000E-02  3.5357E-01  0.0000E+00
                   0.0000E+00  0.0000E+00  1.0000E+00      3.2143E-04
       25 intern   0.0000E+00  3.8571E-01  0.0000E+00          -24        25 
          Free s   2.0000E-02  3.8571E-01  0.0000E+00
          Free s   0.0000E+00  4.1786E-01  0.0000E+00
                   0.0000E+00  0.0000E+00  1.0000E+00      3.2143E-04
       26 intern   2.0000E-02  4.1786E-01  0.0000E+00          -25        26 
          Free s   0.0000E+00  4.1786E-01  0.0000E+00
          Free s   2.0000E-02  3.8571E-01  0.0000E+00
                   0.0000E+00  0.0000E+00  1.0000E+00      3.2143E-04
       27 intern   0.0000E+00  4.1786E-01  0.0000E+00          -26        27 
          Free s   2.0000E-02  4.1786E-01  0.0000E+00
          Free s   0.0000E+00  4.5000E-01  0.0000E+00
                   0.0000E+00  0.0000E+00  1.0000E+00      3.2143E-04
       28 intern   2.0000E-02  4.5000E-01  0.0000E+00          -27           
          Free s   0.0000E+00  4.5000E-01  0.0000E+00
          Free s   2.0000E-02  4.1786E-01  0.0000E+00
                   0.0000E+00  0.0000E+00  1.0000E+00      3.2143E-04


                         DATA OF THE METALLIC EDGES (with MoM)

                                            triangle no.   points of tr.     information on symmetry
    no.  type      length/m        media     KORP   KORM   POIP   POIM      yz     xz     xy  status
        1   1    3.7857E-02  Free s     -1      1      2      1      1       0      0      0  unknown  
        2   1    2.0000E-02  Free s     -1      2      3      3      3       0      0      0  unknown  
        3   1    3.7857E-02  Free s     -1      3      4      1      1       0      0      0  unknown  
        4   1    2.0000E-02  Free s     -1      4      5      3      3       0      0      0  unknown  
        5   1    3.7857E-02  Free s     -1      5      6      1      1       0      0      0  unknown  
        6   1    2.0000E-02  Free s     -1      6      7      3      3       0      0      0  unknown  
        7   1    3.7857E-02  Free s     -1      7      8      1      1       0      0      0  unknown  
        8   1    2.0000E-02  Free s     -1      8      9      3      3       0      0      0  unknown  
        9   1    3.7857E-02  Free s     -1      9     10      1      1       0      0      0  unknown  
       10   1    2.0000E-02  Free s     -1     10     11      3      3       0      0      0  unknown  
       11   1    3.7857E-02  Free s     -1     11     12      1      1       0      0      0  unknown  
       12   1    2.0000E-02  Free s     -1     12     13      3      3       0      0      0  unknown  
       13   1    3.7857E-02  Free s     -1     13     14      1      1       0      0      0  unknown  
       14   1    2.0000E-02  Free s     -1     14     15      3      3       0      0      0  unknown  
       15   1    3.7857E-02  Free s     -1     15     16      1      1       0      0      0  unknown  
       16   1    2.0000E-02  Free s     -1     16     17      3      3       0      0      0  unknown  
       17   1    3.7857E-02  Free s     -1     17     18      1      1       0      0      0  unknown  
       18   1    2.0000E-02  Free s     -1     18     19      3      3       0      0      0  unknown  
       19   1    3.7857E-02  Free s     -1     19     20      1      1       0      0      0  unknown  
       20   1    2.0000E-02  Free s     -1     20     21      3      3       0      0      0  unknown  
       21   1    3.7857E-02  Free s     -1     21     22      1      1       0      0      0  unknown  
       22   1    2.0000E-02  Free s     -1     22     23      3      3       0      0      0  unknown  
       23   1    3.7857E-02  Free s     -1     23     24      1      1       0      0      0  unknown  
       24   1    2.0000E-02  Free s     -1     24     25      3      3       0      0      0  unknown  
       25   1    3.7857E-02  Free s     -1     25     26      1      1       0      0      0  unknown  
       26   1    2.0000E-02  Free s     -1     26     27      3      3       0      0      0  unknown  
       27   1    3.7857E-02  Free s     -1     27     28      1      1       0      0      0  unknown  


                    DATA OF TRIANGLE MESH RULES

                                Area/lambda^2 limits
          Basis function order   warning      error
              RWG                 0.033       0.100
              0.5                 0.033       0.100
              1.5                 0.210       0.520
              2.5                 0.620       1.400
              3.5                 0.970       2.100


                                DATA FOR MEMORY USAGE

 Number of metallic triangles:              28                                max. triangles:    MAXNDR    =       28
 Number of dielectric triangles:             0
 Number of aperture triangles:               0
 Number of RL-GO triangles:                  0
 Number of windscreen triangles:             0
 Number of FEM surface triangles:            0
 Number of modal port triangles:             0
 Number of metallic segments:                0                                max. segments:     MAXNSEG   =        0
 Number of combined MoM/MTL segments:        0
 Number of dielectr./magnet. cuboids:        0                                max. cuboids:      MAXNQUA   =        0
 Number of tetrahedra:                       0                                max. tetrahedra:   MAXNTETRA =        0
 Number of edges in PO region:               0                                max. edges:        MAXPOKA   =        0
 Number of wedges in PO region:              0                                max. wedges:       MAXPOKL   =        0
 Number of Fock regions:                     0                                max. Fock regions: MAXFOGE   =        0
 Number of polygonal surfaces:               0                                max. surfaces:     MAXPOLYF  =        0
                                                                              max. corner pts.:  MAXPOLYP  =        0
 Number of UTD cylinders:                    0

 Number of metallic edges (MoM):            27  unknown:       27 (electr.)   max. edges:        MAXNKA    =       27
                                             0  unknown:        0 (magnet.)
 Number of metallic edges (PO):              0  unknown:        0 (electr.)
                                                unknown:        0 (magnet.)
 Number of dielectric edges (MoM):           0  unknown:        0 (electr.)
                                             0                  0 (magnet.)
 Number of dielectric edges (PO):            0  unknown:        0 (electr.)
                                                unknown:        0 (magnet.)
 Number of aperture edges (MoM):             0  unknown:        0 (magnet.) 
 Number of edges FEM/MoM surface:            0  unknown:        0 (electr.)
                                             0                  0 (magnet.)
 Number of nodes between segments:           0  unknown:        0             max. nodes:        MAXNKNO   =        0
 Number of connection points:                0  unknown:        0             max. conn.:        MAXNV     =        0
 Number of dielectric cuboids:               0  unknown:        0             max. cuboids:      MAXNQUA   =        0
 Number of magnetic cuboids:                 0  unknown:        0
 Number of dielectric faces (VEP):           0  unknown:        0
 Number of magnetic faces (VEP):             0  unknown:        0

 Number of basis funct. for MoM:            27  unknown:       27             max. basisf.       MAXNZEILE =       27
 Number of basis funct. for PO:              0  unknown:        0             max. basisf.       MAXNKAPO  =        0

 read from input file:
PS       0    1    1    0    0 0.000E+00 0.000E+00 0.000E+00 0.000E+00 0.000E+00 0.000E+00 0.000E+00 0.000E+00
 read from input file:
FR       1    0    0    0    0 2.998E+08 0.000E+00 2.998E+08 0.000E+00 0.000E+00 0.000E+00 0.000E+00 0.000E+00
 read from input file:
DA       1    1    3    0    0 0.000E+00 0.000E+00 0.000E+00 0.000E+00 0.000E+00 0.000E+00 0.000E+00 0.000E+00
 read from input file:
AE       0    3    4    0    1 1.000E+00 0.000E+00 0.000E+00 0.000E+00 0.000E+00 0.000E+00 0.000E+00 0.000E+00
 read from input file:
OS       1    0    1    0    0 0.000E+00 0.000E+00 0.000E+00 0.000E+00 0.000E+00 0.000E+00 0.000E+00 0.000E+00


                                   DATA FOR DIELECTRIC MEDIA

internal  relative     relative  conductivity   tan(delta)    tan(delta)    wavelength   mass density    volume     medium
index  permittivity permeability   in S/m       (electric)    (magnetic)       in m       in kg/m^3      in m^3
    0      1.00000      1.00000  0.00000E+00   0.00000E+00   0.00000E+00   1.00000E+00   0.00000E+00    infinite    Free space



                    EXCITATION BY VOLTAGE SOURCE AT AN EDGE

 Name:                          
 Excitation index:              1
 Frequency in Hz:               FREQ =    2.99792E+08
 Wavelength in m:               LAMBDA =  1.00000E+00
 Open circuit voltage in V:     |U0| =    1.00000E+00 
 Phase in degrees:              ARG(U0) =        0.00
 Attached to port:              Edge port - defined between labels
 Port between triangle labels:
   internal_1  internal_2
 Port edge length in m:         2.00000E-02
 Number of edges:               1
 Indices of the edges:          14


                         DATA FOR THE GREEN'S FUNCTION

                                   free space


               All segments and triangles are perfectly conducting.


               DATA FOR STORAGE OF THE MATRIX

 Storage using double precision

 Memory requirement for MoM matrix: 32 rows * 27 columns = 864 complex numbers
 For the MoM matrix, a memory of 864 complex numbers is used (i.e. 13.500 kByte)
 Storing the matrix and solving the linear set of equations in main memory (storage scheme 1)

     A total of 67.093 kByte of memory has been allocated dynamically
     (peak memory usage of 67.093 kByte so far)



               PRE-CONDITIONING OF THE LINEAR SET OF EQUATIONS

               Selected preconditioner algorithm: 1

     CPU time for preconditioning:       0.000 seconds


               SOLUTION OF THE LINEAR SET OF EQUATIONS WITH LAPAGAU

               Condition number of the matrix:  5.53098E+02

               Floating point performance for LU decomposition:
                             0.166 MFLOPS(DP) for CPU-time       0.348 seconds
                             0.166 MFLOPS(DP) for run-time       0.348 seconds

     CPU time for solving the linear set of equations:       0.642 seconds


                         DATA OF THE VOLTAGE SOURCE NO. 1

                    real part  imag. part   magnitude       phase
 Current   in A    1.4108E-02  5.1185E-03  1.5008E-02       19.94
 Admitt.   in A/V  1.4108E-02  5.1185E-03  1.5008E-02       19.94
 Impedance in Ohm  6.2636E+01 -2.2725E+01  6.6631E+01      -19.94
 Capacitance in F  2.3361E-11

                         Power in Watt: 7.05406E-03


                              SCATTERING PARAMETERS

       ports                                        magnitude          phase 
    sink source     real part   imag. part      linear      in dB     in deg.
 S     1      1   1.46913E-01 -1.72115E-01   2.26289E-01  -12.9067    -49.52
         Sum |S|^2 of these S-parameters:    5.12068E-02  -12.9067
         Reference impedance in Ohm:  5.00000E+01




           VALUES OF THE CURRENT DENSITY VECTOR ON TRIANGLES in A/m (no averaging)          

Triangle        centre                                     JX                JY                JZ         Current magnitude in the
number           x/m          y/m          z/m      magn.    phase    magn.    phase    magn.    phase    3 corner points
        1   6.66667E-03  1.07143E-02  0.00000E+00 2.633E-02    9.41 4.232E-02    9.41 0.000E+00    0.00   0.000E+00  7.900E-02  1.270E-01
        2   1.33333E-02  2.14286E-02  0.00000E+00 1.827E-02 -169.71 1.857E-01    9.69 0.000E+00    0.00   2.151E-01  2.219E-01  1.270E-01
        3   6.66667E-03  4.28571E-02  0.00000E+00 1.553E-02   11.77 2.400E-01    9.98 0.000E+00    0.00   2.151E-01  2.200E-01  2.899E-01
        4   1.33333E-02  5.35714E-02  0.00000E+00 1.507E-02 -167.59 3.383E-01   10.59 0.000E+00    0.00   3.625E-01  3.653E-01  2.899E-01
        5   6.66667E-03  7.50000E-02  0.00000E+00 1.337E-02   14.20 3.839E-01   10.90 0.000E+00    0.00   3.625E-01  3.647E-01  4.269E-01
        6   1.33333E-02  8.57143E-02  0.00000E+00 1.269E-02 -164.87 4.676E-01   11.57 0.000E+00    0.00   4.879E-01  4.894E-01  4.269E-01
        7   6.66667E-03  1.07143E-01  0.00000E+00 1.102E-02   17.68 5.055E-01   11.93 0.000E+00    0.00   4.879E-01  4.890E-01  5.408E-01
        8   1.33333E-02  1.17857E-01  0.00000E+00 1.030E-02 -160.90 5.737E-01   12.70 0.000E+00    0.00   5.901E-01  5.909E-01  5.408E-01
        9   6.66667E-03  1.39286E-01  0.00000E+00 8.543E-03   23.40 6.036E-01   13.12 0.000E+00    0.00   5.901E-01  5.907E-01  6.307E-01
       10   1.33333E-02  1.50000E-01  0.00000E+00 7.797E-03 -154.03 6.552E-01   14.03 0.000E+00    0.00   6.674E-01  6.678E-01  6.307E-01
       11   6.66667E-03  1.71429E-01  0.00000E+00 6.093E-03   35.15 6.766E-01   14.55 0.000E+00    0.00   6.674E-01  6.677E-01  6.949E-01
       12   1.33333E-02  1.82143E-01  0.00000E+00 5.348E-03 -140.09 7.106E-01   15.70 0.000E+00    0.00   7.184E-01  7.186E-01  6.949E-01
       13   6.66667E-03  2.03571E-01  0.00000E+00 4.565E-03   64.26 7.233E-01   16.41 0.000E+00    0.00   7.184E-01  7.186E-01  7.333E-01
       14   1.33333E-02  2.14286E-01  0.00000E+00 8.018E-03  -97.71 7.445E-01   19.06 0.000E+00    0.00   7.504E-01  7.508E-01  7.333E-01
       15   6.66667E-03  2.35714E-01  0.00000E+00 8.018E-03  -97.71 7.445E-01   19.06 0.000E+00    0.00   7.504E-01  7.508E-01  7.333E-01
       16   1.33333E-02  2.46429E-01  0.00000E+00 4.565E-03   64.26 7.233E-01   16.41 0.000E+00    0.00   7.184E-01  7.186E-01  7.333E-01
       17   6.66667E-03  2.67857E-01  0.00000E+00 5.348E-03 -140.09 7.106E-01   15.70 0.000E+00    0.00   7.184E-01  7.186E-01  6.949E-01
       18   1.33333E-02  2.78571E-01  0.00000E+00 6.093E-03   35.15 6.766E-01   14.55 0.000E+00    0.00   6.674E-01  6.677E-01  6.949E-01
       19   6.66667E-03  3.00000E-01  0.00000E+00 7.797E-03 -154.03 6.552E-01   14.03 0.000E+00    0.00   6.674E-01  6.678E-01  6.307E-01
       20   1.33333E-02  3.10714E-01  0.00000E+00 8.543E-03   23.40 6.036E-01   13.12 0.000E+00    0.00   5.901E-01  5.907E-01  6.307E-01
       21   6.66667E-03  3.32143E-01  0.00000E+00 1.030E-02 -160.90 5.737E-01   12.70 0.000E+00    0.00   5.901E-01  5.909E-01  5.408E-01
       22   1.33333E-02  3.42857E-01  0.00000E+00 1.102E-02   17.68 5.055E-01   11.93 0.000E+00    0.00   4.879E-01  4.890E-01  5.408E-01
       23   6.66667E-03  3.64286E-01  0.00000E+00 1.269E-02 -164.87 4.676E-01   11.57 0.000E+00    0.00   4.879E-01  4.894E-01  4.269E-01
       24   1.33333E-02  3.75000E-01  0.00000E+00 1.337E-02   14.20 3.839E-01   10.90 0.000E+00    0.00   3.625E-01  3.647E-01  4.269E-01
       25   6.66667E-03  3.96429E-01  0.00000E+00 1.507E-02 -167.59 3.383E-01   10.59 0.000E+00    0.00   3.625E-01  3.653E-01  2.899E-01
       26   1.33333E-02  4.07143E-01  0.00000E+00 1.553E-02   11.77 2.400E-01    9.98 0.000E+00    0.00   2.151E-01  2.200E-01  2.899E-01
       27   6.66667E-03  4.28571E-01  0.00000E+00 1.827E-02 -169.71 1.857E-01    9.69 0.000E+00    0.00   2.151E-01  2.219E-01  1.270E-01
       28   1.33333E-02  4.39286E-01  0.00000E+00 2.633E-02    9.41 4.232E-02    9.41 0.000E+00    0.00   0.000E+00  7.900E-02  1.270E-01



          VALUES OF THE SURFACE CHARGE DENSITY ON TRIANGLES in As/m^2

Triangle            SIGMA
number         magn.      phase
        1    4.19396E-09   99.41
        2    2.91015E-09  100.29
        3    2.47346E-09  101.77
        4    2.39933E-09  102.41
        5    2.12959E-09  104.20
        6    2.02058E-09  105.13
        7    1.75508E-09  107.68
        8    1.64006E-09  109.10
        9    1.36058E-09  113.40
       10    1.24173E-09  115.97
       11    9.70348E-10  125.15
       12    8.51674E-10  129.91
       13    7.27029E-10  154.26
       14    1.27704E-09  172.29
       15    1.27704E-09   -7.71
       16    7.27029E-10  -25.74
       17    8.51674E-10  -50.09
       18    9.70348E-10  -54.85
       19    1.24173E-09  -64.03
       20    1.36058E-09  -66.60
       21    1.64006E-09  -70.90
       22    1.75508E-09  -72.32
       23    2.02058E-09  -74.87
       24    2.12959E-09  -75.80
       25    2.39933E-09  -77.59
       26    2.47346E-09  -78.23
       27    2.91015E-09  -79.71
       28    4.19396E-09  -80.59



                              SUMMARY OF LOSSES

          Metallic elements:                          0.0000E+00 W
          Dielectric:                                 0.0000E+00 W
          Mismatch at feed:                           0.0000E+00 W
          Non-radiating networks:                     0.0000E+00 W
          Cables:                                     0.0000E+00 W
          Backward power at passive waveguide ports:  0.0000E+00 W
          Backward power at passive modal ports:      0.0000E+00 W
                                                     -------------
                Sum of all losses:                    0.0000E+00 W

          Efficiency of the antenna:                    100.0000 %
          (based on a total active power:             7.0541E-03 W)

 read from input file:
FE       1    1   30    1    0 1.000E+02 1.000E+01 1.000E+02 1.000E+00 1.000E+00 1.000E+00 0.000E+00 0.000E+00


                              VALUES OF THE ELECTRIC FIELD STRENGTH in V/m

                                 (total field, incident and scattered)

                   LOCATION                               EX                   EY                   EZ  
medium      X/m          Y/m          Z/m          magn.     phase      magn.     phase      magn.     phase
    0   1.00000E+02  1.00000E+01  1.00000E+02   2.79254E-04 -166.44  5.81167E-03   13.21  2.88974E-04 -167.43
    0   1.00000E+02  1.10000E+01  1.00000E+02   3.07784E-04  167.43  5.80154E-03  -12.87  3.17478E-04  166.52
    0   1.00000E+02  1.20000E+01  1.00000E+02   3.36157E-04  138.78  5.79046E-03  -41.48  3.45825E-04  137.95
    0   1.00000E+02  1.30000E+01  1.00000E+02   3.64361E-04  107.62  5.77844E-03  -72.61  3.73999E-04  106.85
    0   1.00000E+02  1.40000E+01  1.00000E+02   3.92380E-04   73.94  5.76549E-03 -106.26  4.01989E-04   73.23
    0   1.00000E+02  1.50000E+01  1.00000E+02   4.20203E-04   37.76  5.75161E-03 -142.41  4.29780E-04   37.10
    0   1.00000E+02  1.60000E+01  1.00000E+02   4.47816E-04   -0.92  5.73683E-03  178.93  4.57361E-04   -1.54
    0   1.00000E+02  1.70000E+01  1.00000E+02   4.75207E-04  -42.09  5.72115E-03  137.77  4.84717E-04  -42.68
    0   1.00000E+02  1.80000E+01  1.00000E+02   5.02363E-04  -85.76  5.70459E-03   94.12  5.11838E-04  -86.31
    0   1.00000E+02  1.90000E+01  1.00000E+02   5.29272E-04 -131.91  5.68715E-03   47.98  5.38710E-04 -132.44
    0   1.00000E+02  2.00000E+01  1.00000E+02   5.55923E-04  179.46  5.66886E-03   -0.64  5.65323E-04  178.96
    0   1.00000E+02  2.10000E+01  1.00000E+02   5.82303E-04  128.36  5.64973E-03  -51.73  5.91664E-04  127.88
    0   1.00000E+02  2.20000E+01  1.00000E+02   6.08403E-04   74.79  5.62977E-03 -105.28  6.17724E-04   74.33
    0   1.00000E+02  2.30000E+01  1.00000E+02   6.34211E-04   18.77  5.60899E-03 -161.30  6.43490E-04   18.33
    0   1.00000E+02  2.40000E+01  1.00000E+02   6.59718E-04  -39.70  5.58742E-03  140.24  6.68954E-04  -40.12
    0   1.00000E+02  2.50000E+01  1.00000E+02   6.84913E-04 -100.62  5.56507E-03   79.34  6.94105E-04 -101.02
    0   1.00000E+02  2.60000E+01  1.00000E+02   7.09786E-04 -163.96  5.54195E-03   16.00  7.18933E-04 -164.35
    0   1.00000E+02  2.70000E+01  1.00000E+02   7.34329E-04  130.27  5.51809E-03  -49.76  7.43430E-04  129.90
    0   1.00000E+02  2.80000E+01  1.00000E+02   7.58533E-04   62.09  5.49351E-03 -117.93  7.67586E-04   61.73
    0   1.00000E+02  2.90000E+01  1.00000E+02   7.82389E-04   -8.50  5.46821E-03  171.49  7.91394E-04   -8.85
    0   1.00000E+02  3.00000E+01  1.00000E+02   8.05890E-04  -81.48  5.44222E-03   98.51  8.14846E-04  -81.82
    0   1.00000E+02  3.10000E+01  1.00000E+02   8.29028E-04 -156.84  5.41556E-03   23.15  8.37934E-04 -157.17
    0   1.00000E+02  3.20000E+01  1.00000E+02   8.51796E-04  125.42  5.38824E-03  -54.59  8.60651E-04  125.10
    0   1.00000E+02  3.30000E+01  1.00000E+02   8.74187E-04   45.31  5.36029E-03 -134.69  8.82990E-04   45.00
    0   1.00000E+02  3.40000E+01  1.00000E+02   8.96196E-04  -37.15  5.33173E-03  142.86  9.04946E-04  -37.45
    0   1.00000E+02  3.50000E+01  1.00000E+02   9.17815E-04 -121.95  5.30257E-03   58.06  9.26512E-04 -122.24
    0   1.00000E+02  3.60000E+01  1.00000E+02   9.39041E-04  150.92  5.27283E-03  -29.06  9.47683E-04  150.63
    0   1.00000E+02  3.70000E+01  1.00000E+02   9.59867E-04   61.47  5.24254E-03 -118.51  9.68454E-04   61.19
    0   1.00000E+02  3.80000E+01  1.00000E+02   9.80290E-04  -30.29  5.21171E-03  149.74  9.88821E-04  -30.56
    0   1.00000E+02  3.90000E+01  1.00000E+02   1.00031E-03 -124.34  5.18037E-03   55.69  1.00878E-03 -124.61

 read from input file:
FE       2    1   30    1    0 1.000E+02 1.000E+01 1.000E+02 1.000E+00 1.000E+00 1.000E+00 0.000E+00 0.000E+00


                              VALUES OF THE MAGNETIC FIELD STRENGTH in A/m

                                 (total field, incident and scattered)

                   LOCATION                               HX                   HY                   HZ  
medium      X/m          Y/m          Z/m          magn.     phase      magn.     phase      magn.     phase
    0   1.00000E+02  1.00000E+01  1.00000E+02   1.09358E-05 -166.79  2.03661E-08  -13.93  1.09329E-05   13.22
    0   1.00000E+02  1.10000E+01  1.00000E+02   1.09224E-05  167.12  2.03052E-08  -40.07  1.09193E-05  -12.87
    0   1.00000E+02  1.20000E+01  1.00000E+02   1.09077E-05  138.51  2.02408E-08  -68.74  1.09045E-05  -41.48
    0   1.00000E+02  1.30000E+01  1.00000E+02   1.08918E-05  107.38  2.01728E-08  -99.93  1.08884E-05  -72.61
    0   1.00000E+02  1.40000E+01  1.00000E+02   1.08746E-05   73.74  2.01013E-08 -133.63  1.08710E-05 -106.26
    0   1.00000E+02  1.50000E+01  1.00000E+02   1.08562E-05   37.58  2.00264E-08 -169.85  1.08525E-05 -142.41
    0   1.00000E+02  1.60000E+01  1.00000E+02   1.08365E-05   -1.08  1.99482E-08  151.43  1.08327E-05  178.93
    0   1.00000E+02  1.70000E+01  1.00000E+02   1.08157E-05  -42.24  1.98666E-08  110.21  1.08117E-05  137.77
    0   1.00000E+02  1.80000E+01  1.00000E+02   1.07937E-05  -85.89  1.97819E-08   66.49  1.07895E-05   94.12
    0   1.00000E+02  1.90000E+01  1.00000E+02   1.07704E-05 -132.03  1.96940E-08   20.28  1.07661E-05   47.98
    0   1.00000E+02  2.00000E+01  1.00000E+02   1.07460E-05  179.35  1.96030E-08  -28.41  1.07415E-05   -0.64
    0   1.00000E+02  2.10000E+01  1.00000E+02   1.07205E-05  128.26  1.95091E-08  -79.57  1.07158E-05  -51.73
    0   1.00000E+02  2.20000E+01  1.00000E+02   1.06938E-05   74.71  1.94122E-08 -133.20  1.06890E-05 -105.28
    0   1.00000E+02  2.30000E+01  1.00000E+02   1.06660E-05   18.70  1.93124E-08  170.70  1.06611E-05 -161.29
    0   1.00000E+02  2.40000E+01  1.00000E+02   1.06371E-05  -39.77  1.92099E-08  112.16  1.06320E-05  140.24
    0   1.00000E+02  2.50000E+01  1.00000E+02   1.06072E-05 -100.67  1.91047E-08   51.17  1.06019E-05   79.34
    0   1.00000E+02  2.60000E+01  1.00000E+02   1.05761E-05 -164.01  1.89969E-08  -12.25  1.05708E-05   16.00
    0   1.00000E+02  2.70000E+01  1.00000E+02   1.05441E-05  130.23  1.88866E-08  -78.10  1.05386E-05  -49.76
    0   1.00000E+02  2.80000E+01  1.00000E+02   1.05110E-05   62.05  1.87739E-08 -146.36  1.05053E-05 -117.93
    0   1.00000E+02  2.90000E+01  1.00000E+02   1.04769E-05   -8.53  1.86588E-08  142.96  1.04711E-05  171.49
    0   1.00000E+02  3.00000E+01  1.00000E+02   1.04418E-05  -81.50  1.85415E-08   69.89  1.04359E-05   98.51
    0   1.00000E+02  3.10000E+01  1.00000E+02   1.04058E-05 -156.87  1.84220E-08   -5.56  1.03998E-05   23.15
    0   1.00000E+02  3.20000E+01  1.00000E+02   1.03688E-05  125.40  1.83004E-08  -83.40  1.03627E-05  -54.59
    0   1.00000E+02  3.30000E+01  1.00000E+02   1.03309E-05   45.30  1.81768E-08 -163.60  1.03247E-05 -134.69
    0   1.00000E+02  3.40000E+01  1.00000E+02   1.02922E-05  -37.16  1.80513E-08  113.85  1.02858E-05  142.86
    0   1.00000E+02  3.50000E+01  1.00000E+02   1.02525E-05 -121.95  1.79240E-08   28.95  1.02461E-05   58.06
    0   1.00000E+02  3.60000E+01  1.00000E+02   1.02121E-05  150.92  1.77950E-08  -58.29  1.02055E-05  -29.06
    0   1.00000E+02  3.70000E+01  1.00000E+02   1.01707E-05   61.47  1.76644E-08 -147.84  1.01641E-05 -118.51
    0   1.00000E+02  3.80000E+01  1.00000E+02   1.01286E-05  -30.28  1.75322E-08  120.29  1.01219E-05  149.73
    0   1.00000E+02  3.90000E+01  1.00000E+02   1.00858E-05 -124.33  1.73986E-08   26.13  1.00789E-05   55.68

 read from input file:
FF       1    1   91    0    0 9.000E+01 0.000E+00 1.000E+00 1.000E+00 0.000E+00 0.000E+00 0.000E+00 0.000E+00

                     FAST METHOD FOR FAR FIELD CALCULATIONS

                                    disabled


      VALUES OF THE SCATTERED ELECTRIC FIELD STRENGTH IN THE FAR FIELD in V
                    Factor e^(-j*Re{BETA}*R)/R not considered

      LOCATION           ETHETA             EPHI              directivity in dB              POLARISATION
   THETA    PHI      magn.    phase     magn.    phase     vert.     horiz.    total     axial r. angle   direction
 NOTE    34054: Output of far field results to the *.out file deactivated

     Gain is a factor of  1.00000E+00 (    0.00 dB) larger than directivity

       The directivity/gain is based on an active power of  7.05406E-03 W
       and on a power loss of  0.00000E+00 W 

 read from input file:
EN       0    0    0    0    0 0.000E+00 0.000E+00 0.000E+00 0.000E+00 0.000E+00 0.000E+00 0.000E+00 0.000E+00


                    SUMMARY OF REQUIRED TIMES IN SECONDS

                                             CPU-time       runtime
 Reading and constructing the geometry          0.614         0.614
 Checking the geometry                          0.109         0.109
 Initialisation of the Green's function         0.011         0.011
 Calcul. of coupling for PO/Fock                0.000         0.000
 Transformation to equivalent sources           0.000         0.000
 Ray launching/tracing phase of RL-GO           0.000         0.000
 Calcul. of matrix elements                     0.322         0.322
 Calcul. of right-hand side vector              0.031         0.031
 Preconditioning system of linear eqns.         0.000         0.000
 Solution of the system of linear eqns.         0.642         0.642
 Calcul. of characteristic modes                0.000         0.000
 Determination of surface currents              0.014         0.014
 Calcul. of impedances/powers/losses            0.201         0.201
 Calcul. of averaged SAR values                 0.000         0.000
 Calcul. of power receiving antenna             0.000         0.000
 Calcul. of cable coupling                      0.000         0.000
 Calcul. of error estimates                     0.000         0.000
 Calcul. of electric near field                 0.066         0.066
 Calcul. of magnetic near field                 0.003         0.003
 Calcul. of far field                           0.265         0.265
                            other               1.050         1.050
                                         ------------  ------------
                         total times:           3.328         3.328
               (total times in hours:           0.001         0.001)

 Peak memory usage during the whole solution: 76.287 kByte

Finished: 2020-09-17 14:56:52                     
